\BOOKMARK [1][]{section.1}{\376\377\000I\000n\000t\000r\000o\000d\000u\000c\000t\000i\000o\000n}{}% 1
\BOOKMARK [2][]{subsection.1.1}{\376\377\000T\000h\000e\000\040\000S\000h\000i\000f\000t\000\040\000t\000o\000\040\000P\000r\000o\000a\000c\000t\000i\000v\000e\000\040\000H\000R\000C\000\040\000i\000n\000\040\000I\000n\000d\000u\000s\000t\000r\000y\000\040\0005\000.\0000}{section.1}% 2
\BOOKMARK [2][]{subsection.1.2}{\376\377\000F\000r\000o\000m\000\040\000I\000n\000t\000e\000n\000t\000\040\000P\000r\000e\000d\000i\000c\000t\000i\000o\000n\000\040\000t\000o\000\040\000P\000r\000o\000a\000c\000t\000i\000v\000e\000\040\000A\000c\000t\000i\000o\000n}{section.1}% 3
\BOOKMARK [2][]{subsection.1.3}{\376\377\000E\000v\000a\000l\000u\000a\000t\000i\000o\000n\000\040\000i\000n\000\040\000P\000r\000o\000a\000c\000t\000i\000v\000e\000\040\000H\000R\000C}{section.1}% 4
\BOOKMARK [2][]{subsection.1.4}{\376\377\000B\000e\000n\000c\000h\000m\000a\000r\000k\000\040\000D\000a\000t\000a\000\040\000f\000o\000r\000\040\000P\000r\000o\000a\000c\000t\000i\000v\000e\000\040\000H\000R\000C}{section.1}% 5
\BOOKMARK [2][]{subsection.1.5}{\376\377\000C\000o\000n\000t\000r\000i\000b\000u\000t\000i\000o\000n\000s}{section.1}% 6
\BOOKMARK [1][]{section.2}{\376\377\000R\000e\000l\000a\000t\000e\000d\000\040\000W\000o\000r\000k}{}% 7
\BOOKMARK [2][]{subsection.2.1}{\376\377\000E\000v\000o\000l\000u\000t\000i\000o\000n\000\040\000o\000f\000\040\000C\000o\000l\000l\000a\000b\000o\000r\000a\000t\000i\000v\000e\000\040\000P\000a\000r\000a\000d\000i\000g\000m\000s}{section.2}% 8
\BOOKMARK [2][]{subsection.2.2}{\376\377\000A\000r\000c\000h\000i\000t\000e\000c\000t\000u\000r\000e\000s\000\040\000f\000o\000r\000\040\000I\000n\000t\000e\000n\000t\000-\000D\000r\000i\000v\000e\000n\000\040\000H\000R\000C}{section.2}% 9
\BOOKMARK [2][]{subsection.2.3}{\376\377\000T\000h\000e\000\040\000G\000r\000o\000u\000n\000d\000i\000n\000g\000\040\000P\000r\000o\000b\000l\000e\000m\000:\000\040\000C\000o\000n\000n\000e\000c\000t\000i\000n\000g\000\040\000L\000a\000n\000g\000u\000a\000g\000e\000\040\000t\000o\000\040\000A\000c\000t\000i\000o\000n}{section.2}% 10
\BOOKMARK [2][]{subsection.2.4}{\376\377\000V\000i\000s\000i\000o\000n\000-\000L\000a\000n\000g\000u\000a\000g\000e\000-\000A\000c\000t\000i\000o\000n\000\040\000M\000o\000d\000e\000l\000s\000\040\000f\000o\000r\000\040\000R\000o\000b\000o\000t\000\040\000C\000o\000n\000t\000r\000o\000l}{section.2}% 11
\BOOKMARK [2][]{subsection.2.5}{\376\377\000N\000e\000u\000r\000o\000-\000S\000y\000m\000b\000o\000l\000i\000c\000\040\000A\000I\000\040\000a\000n\000d\000\040\000S\000O\000P\000\040\000I\000n\000t\000e\000g\000r\000a\000t\000i\000o\000n}{section.2}% 12
\BOOKMARK [2][]{subsection.2.6}{\376\377\000D\000a\000t\000a\000s\000e\000t\000s\000\040\000a\000n\000d\000\040\000B\000e\000n\000c\000h\000m\000a\000r\000k\000s\000\040\000f\000o\000r\000\040\000H\000R\000C}{section.2}% 13
\BOOKMARK [1][]{section.3}{\376\377\000P\000r\000o\000b\000l\000e\000m\000\040\000F\000o\000r\000m\000u\000l\000a\000t\000i\000o\000n}{}% 14
\BOOKMARK [2][]{subsection.3.1}{\376\377\000N\000e\000e\000d\000-\000B\000a\000s\000e\000d\000\040\000P\000r\000o\000a\000c\000t\000i\000v\000e\000\040\000A\000s\000s\000i\000s\000t\000a\000n\000c\000e}{section.3}% 15
\BOOKMARK [2][]{subsection.3.2}{\376\377\000D\000e\000c\000i\000s\000i\000o\000n\000\040\000T\000y\000p\000e\000s}{section.3}% 16
\BOOKMARK [2][]{subsection.3.3}{\376\377\000T\000h\000e\000\040\000A\000p\000p\000r\000o\000p\000r\000i\000a\000t\000e\000n\000e\000s\000s\000\040\000S\000c\000o\000r\000e\000\040\000\050\000A\000-\000S\000c\000o\000r\000e\000\051}{section.3}% 17
\BOOKMARK [1][]{section.4}{\376\377\000F\000r\000a\000m\000e\000w\000o\000r\000k\000\040\000A\000r\000c\000h\000i\000t\000e\000c\000t\000u\000r\000e}{}% 18
\BOOKMARK [2][]{subsection.4.1}{\376\377\000S\000y\000s\000t\000e\000m\000\040\000O\000v\000e\000r\000v\000i\000e\000w}{section.4}% 19
\BOOKMARK [2][]{subsection.4.2}{\376\377\000M\000o\000n\000i\000t\000o\000r\000\040\000L\000a\000y\000e\000r}{section.4}% 20
\BOOKMARK [3][]{subsubsection.4.2.1}{\376\377\000I\000n\000t\000e\000n\000t\000\040\000M\000o\000n\000i\000t\000o\000r}{subsection.4.2}% 21
\BOOKMARK [3][]{subsubsection.4.2.2}{\376\377\000M\000o\000t\000i\000o\000n\000\040\000P\000r\000e\000d\000i\000c\000t\000o\000r}{subsection.4.2}% 22
\BOOKMARK [3][]{subsubsection.4.2.3}{\376\377\000P\000e\000r\000c\000e\000p\000t\000i\000o\000n\000\040\000M\000o\000d\000u\000l\000e}{subsection.4.2}% 23
\BOOKMARK [3][]{subsubsection.4.2.4}{\376\377\000S\000o\000u\000n\000d\000\040\000M\000o\000n\000i\000t\000o\000r}{subsection.4.2}% 24
\BOOKMARK [3][]{subsubsection.4.2.5}{\376\377\000A\000f\000f\000o\000r\000d\000a\000n\000c\000e\000\040\000M\000o\000n\000i\000t\000o\000r}{subsection.4.2}% 25
\BOOKMARK [3][]{subsubsection.4.2.6}{\376\377\000P\000e\000r\000f\000o\000r\000m\000a\000n\000c\000e\000\040\000M\000o\000n\000i\000t\000o\000r}{subsection.4.2}% 26
\BOOKMARK [2][]{subsection.4.3}{\376\377\000S\000t\000a\000t\000e\000\040\000L\000a\000y\000e\000r}{section.4}% 27
\BOOKMARK [2][]{subsection.4.4}{\376\377\000B\000r\000a\000i\000n\000\040\000L\000a\000y\000e\000r\000:\000\040\000D\000e\000c\000i\000s\000i\000o\000n\000\040\000E\000n\000g\000i\000n\000e}{section.4}% 28
\BOOKMARK [3][]{subsubsection.4.4.1}{\376\377\000D\000e\000c\000i\000s\000i\000o\000n\000\040\000P\000r\000o\000c\000e\000s\000s}{subsection.4.4}% 29
\BOOKMARK [3][]{subsubsection.4.4.2}{\376\377\000E\000x\000p\000l\000a\000i\000n\000a\000b\000l\000e\000\040\000D\000e\000c\000i\000s\000i\000o\000n\000s}{subsection.4.4}% 30
\BOOKMARK [3][]{subsubsection.4.4.3}{\376\377\000D\000e\000c\000i\000s\000i\000o\000n\000\040\000P\000r\000i\000n\000c\000i\000p\000l\000e\000s}{subsection.4.4}% 31
\BOOKMARK [2][]{subsection.4.5}{\376\377\000S\000O\000P\000\040\000I\000n\000t\000e\000g\000r\000a\000t\000i\000o\000n}{section.4}% 32
\BOOKMARK [2][]{subsection.4.6}{\376\377\000A\000c\000t\000i\000o\000n\000\040\000L\000a\000y\000e\000r}{section.4}% 33
\BOOKMARK [3][]{subsubsection.4.6.1}{\376\377\000M\000o\000t\000i\000o\000n\000\040\000P\000r\000i\000m\000i\000t\000i\000v\000e\000s}{subsection.4.6}% 34
\BOOKMARK [3][]{subsubsection.4.6.2}{\376\377\000M\000o\000t\000i\000o\000n\000\040\000P\000l\000a\000n\000n\000i\000n\000g\000\040\000I\000n\000t\000e\000g\000r\000a\000t\000i\000o\000n}{subsection.4.6}% 35
\BOOKMARK [1][]{section.5}{\376\377\000I\000m\000p\000l\000e\000m\000e\000n\000t\000a\000t\000i\000o\000n}{}% 36
\BOOKMARK [2][]{subsection.5.1}{\376\377\000S\000o\000f\000t\000w\000a\000r\000e\000\040\000A\000r\000c\000h\000i\000t\000e\000c\000t\000u\000r\000e}{section.5}% 37
\BOOKMARK [2][]{subsection.5.2}{\376\377\000R\000o\000b\000o\000t\000\040\000C\000o\000n\000t\000r\000o\000l\000\040\000a\000n\000d\000\040\000T\000a\000s\000k\000\040\000P\000r\000o\000g\000r\000a\000m\000m\000i\000n\000g\000\040\000I\000n\000f\000r\000a\000s\000t\000r\000u\000c\000t\000u\000r\000e}{section.5}% 38
\BOOKMARK [3][]{subsubsection.5.2.1}{\376\377\000D\000o\000m\000a\000i\000n\000-\000S\000p\000e\000c\000i\000f\000i\000c\000\040\000L\000a\000n\000g\000u\000a\000g\000e\000\040\000f\000o\000r\000\040\000R\000o\000b\000o\000t\000\040\000P\000r\000o\000g\000r\000a\000m\000s}{subsection.5.2}% 39
\BOOKMARK [3][]{subsubsection.5.2.2}{\376\377\000I\000m\000m\000e\000r\000s\000i\000v\000e\000\040\000a\000n\000d\000\040\000D\000e\000s\000k\000t\000o\000p\000\040\000T\000e\000l\000e\000o\000p\000e\000r\000a\000t\000i\000o\000n}{subsection.5.2}% 40
\BOOKMARK [3][]{subsubsection.5.2.3}{\376\377\000E\000x\000t\000e\000r\000n\000a\000l\000\040\000C\000o\000n\000t\000r\000o\000l\000\040\000A\000P\000I}{subsection.5.2}% 41
\BOOKMARK [3][]{subsubsection.5.2.4}{\376\377\000D\000a\000t\000a\000\040\000C\000o\000l\000l\000e\000c\000t\000i\000o\000n\000\040\000a\000n\000d\000\040\000D\000a\000t\000a\000s\000e\000t\000\040\000P\000i\000p\000e\000l\000i\000n\000e}{subsection.5.2}% 42
\BOOKMARK [2][]{subsection.5.3}{\376\377\000D\000a\000t\000a\000\040\000C\000o\000l\000l\000e\000c\000t\000i\000o\000n\000\040\000I\000n\000t\000e\000r\000f\000a\000c\000e}{section.5}% 43
\BOOKMARK [2][]{subsection.5.4}{\376\377\000V\000i\000s\000u\000a\000l\000i\000z\000a\000t\000i\000o\000n\000\040\000a\000n\000d\000\040\000D\000e\000b\000u\000g\000g\000i\000n\000g}{section.5}% 44
\BOOKMARK [1][]{section.6}{\376\377\000C\000a\000s\000e\000\040\000S\000t\000u\000d\000y\000:\000\040\000C\000o\000m\000p\000o\000s\000i\000t\000e\000\040\000L\000a\000y\000u\000p\000\040\000M\000a\000n\000u\000f\000a\000c\000t\000u\000r\000i\000n\000g}{}% 45
\BOOKMARK [2][]{subsection.6.1}{\376\377\000T\000a\000s\000k\000\040\000D\000e\000s\000c\000r\000i\000p\000t\000i\000o\000n}{section.6}% 46
\BOOKMARK [2][]{subsection.6.2}{\376\377\000S\000O\000P\000\040\000S\000p\000e\000c\000i\000f\000i\000c\000a\000t\000i\000o\000n}{section.6}% 47
\BOOKMARK [2][]{subsection.6.3}{\376\377\000P\000r\000o\000a\000c\000t\000i\000v\000e\000\040\000A\000s\000s\000i\000s\000t\000a\000n\000c\000e\000\040\000O\000p\000p\000o\000r\000t\000u\000n\000i\000t\000i\000e\000s}{section.6}% 48
\BOOKMARK [1][]{section.7}{\376\377\000E\000x\000p\000e\000r\000i\000m\000e\000n\000t\000a\000l\000\040\000D\000e\000s\000i\000g\000n}{}% 49
\BOOKMARK [2][]{subsection.7.1}{\376\377\000O\000v\000e\000r\000v\000i\000e\000w\000:\000\040\000W\000i\000z\000a\000r\000d\000-\000o\000f\000-\000O\000z\000\040\000D\000a\000t\000a\000\040\000C\000o\000l\000l\000e\000c\000t\000i\000o\000n}{section.7}% 50
\BOOKMARK [2][]{subsection.7.2}{\376\377\000P\000h\000a\000s\000e\000\040\0001\000:\000\040\000G\000r\000o\000u\000n\000d\000\040\000T\000r\000u\000t\000h\000\040\000D\000a\000t\000a\000\040\000C\000o\000l\000l\000e\000c\000t\000i\000o\000n}{section.7}% 51
\BOOKMARK [3][]{subsubsection.7.2.1}{\376\377\000P\000a\000r\000t\000i\000c\000i\000p\000a\000n\000t\000\040\000R\000o\000l\000e\000s}{subsection.7.2}% 52
\BOOKMARK [3][]{subsubsection.7.2.2}{\376\377\000R\000e\000c\000o\000r\000d\000i\000n\000g\000\040\000I\000n\000f\000r\000a\000s\000t\000r\000u\000c\000t\000u\000r\000e}{subsection.7.2}% 53
\BOOKMARK [3][]{subsubsection.7.2.3}{\376\377\000T\000a\000s\000k\000\040\000P\000r\000o\000t\000o\000c\000o\000l}{subsection.7.2}% 54
\BOOKMARK [2][]{subsection.7.3}{\376\377\000P\000h\000a\000s\000e\000\040\0002\000:\000\040\000O\000f\000f\000l\000i\000n\000e\000\040\000E\000v\000a\000l\000u\000a\000t\000i\000o\000n}{section.7}% 55
\BOOKMARK [3][]{subsubsection.7.3.1}{\376\377\000A\000l\000g\000o\000r\000i\000t\000h\000m\000\040\000E\000v\000a\000l\000u\000a\000t\000i\000o\000n\000\040\000P\000i\000p\000e\000l\000i\000n\000e}{subsection.7.3}% 56
\BOOKMARK [3][]{subsubsection.7.3.2}{\376\377\000E\000v\000a\000l\000u\000a\000t\000i\000o\000n\000\040\000M\000e\000t\000r\000i\000c\000s}{subsection.7.3}% 57
\BOOKMARK [2][]{subsection.7.4}{\376\377\000D\000a\000t\000a\000s\000e\000t\000\040\000R\000e\000l\000e\000a\000s\000e}{section.7}% 58
\BOOKMARK [1][]{section.8}{\376\377\000R\000e\000s\000u\000l\000t\000s}{}% 59
\BOOKMARK [1][]{section.9}{\376\377\000D\000i\000s\000c\000u\000s\000s\000i\000o\000n}{}% 60
\BOOKMARK [2][]{subsection.9.1}{\376\377\000I\000m\000p\000l\000i\000c\000a\000t\000i\000o\000n\000s\000\040\000f\000o\000r\000\040\000P\000r\000o\000a\000c\000t\000i\000v\000e\000\040\000H\000R\000C}{section.9}% 61
\BOOKMARK [2][]{subsection.9.2}{\376\377\000L\000i\000m\000i\000t\000a\000t\000i\000o\000n\000s}{section.9}% 62
\BOOKMARK [2][]{subsection.9.3}{\376\377\000G\000e\000n\000e\000r\000a\000l\000i\000z\000a\000t\000i\000o\000n\000\040\000t\000o\000\040\000O\000t\000h\000e\000r\000\040\000D\000o\000m\000a\000i\000n\000s}{section.9}% 63
\BOOKMARK [1][]{section.10}{\376\377\000C\000o\000n\000c\000l\000u\000s\000i\000o\000n}{}% 64
\BOOKMARK [1][]{section.11}{\376\377\000R\000e\000f\000e\000r\000e\000n\000c\000e\000s}{}% 65
